2025-11-17T14:13:20.540718440Z [inf]  
2025-11-17T14:13:21.530721515Z [inf]  [35m[Region: us-west1][0m
2025-11-17T14:13:21.537858535Z [inf]  [35m==============
2025-11-17T14:13:21.537884329Z [inf]  Using Nixpacks
2025-11-17T14:13:21.537888452Z [inf]  ==============
2025-11-17T14:13:21.537891786Z [inf]  [0m
2025-11-17T14:13:21.537993291Z [inf]  context: 2wrt-STPE
2025-11-17T14:13:21.894883829Z [inf]  â•”â•â•â•â•â•â•â•â•â•â•â•â• Nixpacks v1.38.0 â•â•â•â•â•â•â•â•â•â•â•â•â•—
2025-11-17T14:13:21.894924403Z [inf]  â•‘ setup      â”‚ nodejs_18, npm-9_x, openssl â•‘
2025-11-17T14:13:21.894929136Z [inf]  â•‘â”€â”€â”€â”€â”€â”€â”€â”€â”€â”€â”€â”€â”€â”€â”€â”€â”€â”€â”€â”€â”€â”€â”€â”€â”€â”€â”€â”€â”€â”€â”€â”€â”€â”€â”€â”€â”€â”€â”€â”€â”€â”€â•‘
2025-11-17T14:13:21.894932872Z [inf]  â•‘ install    â”‚ npm ci                      â•‘
2025-11-17T14:13:21.894939183Z [inf]  â•‘â”€â”€â”€â”€â”€â”€â”€â”€â”€â”€â”€â”€â”€â”€â”€â”€â”€â”€â”€â”€â”€â”€â”€â”€â”€â”€â”€â”€â”€â”€â”€â”€â”€â”€â”€â”€â”€â”€â”€â”€â”€â”€â•‘
2025-11-17T14:13:21.894942582Z [inf]  â•‘ build      â”‚ npm run build               â•‘
2025-11-17T14:13:21.894945909Z [inf]  â•‘â”€â”€â”€â”€â”€â”€â”€â”€â”€â”€â”€â”€â”€â”€â”€â”€â”€â”€â”€â”€â”€â”€â”€â”€â”€â”€â”€â”€â”€â”€â”€â”€â”€â”€â”€â”€â”€â”€â”€â”€â”€â”€â•‘
2025-11-17T14:13:21.894949547Z [inf]  â•‘ start      â”‚ npm run dev                 â•‘
2025-11-17T14:13:21.894953069Z [inf]  â•šâ•â•â•â•â•â•â•â•â•â•â•â•â•â•â•â•â•â•â•â•â•â•â•â•â•â•â•â•â•â•â•â•â•â•â•â•â•â•â•â•â•â•â•
2025-11-17T14:13:22.161994464Z [inf]  [internal] load build definition from Dockerfile
2025-11-17T14:13:22.162053289Z [inf]  [internal] load build definition from Dockerfile
2025-11-17T14:13:22.162074472Z [inf]  [internal] load build definition from Dockerfile
2025-11-17T14:13:22.162088347Z [inf]  [internal] load build definition from Dockerfile
2025-11-17T14:13:22.172169748Z [inf]  [internal] load build definition from Dockerfile
2025-11-17T14:13:22.174769598Z [inf]  [internal] load metadata for ghcr.io/railwayapp/nixpacks:ubuntu-1745885067
2025-11-17T14:13:22.398710745Z [inf]  [internal] load metadata for ghcr.io/railwayapp/nixpacks:ubuntu-1745885067
2025-11-17T14:13:22.399279879Z [inf]  [internal] load .dockerignore
2025-11-17T14:13:22.399538332Z [inf]  [internal] load .dockerignore
2025-11-17T14:13:22.399586002Z [inf]  [internal] load .dockerignore
2025-11-17T14:13:22.409640435Z [inf]  [internal] load .dockerignore
2025-11-17T14:13:22.417781031Z [inf]  [stage-0 10/10] COPY . /app
2025-11-17T14:13:22.417822900Z [inf]  [stage-0  9/10] RUN printf '\nPATH=/app/node_modules/.bin:$PATH' >> /root/.profile
2025-11-17T14:13:22.417831380Z [inf]  [stage-0  8/10] RUN --mount=type=cache,id=s/08b0c2c8-450e-440c-afe7-c4ed299be93e-next/cache,target=/app/.next/cache --mount=type=cache,id=s/08b0c2c8-450e-440c-afe7-c4ed299be93e-node_modules/cache,target=/app/node_modules/.cache npm run build
2025-11-17T14:13:22.417842516Z [inf]  [stage-0  7/10] COPY . /app/.
2025-11-17T14:13:22.417850312Z [inf]  [stage-0  6/10] RUN --mount=type=cache,id=s/08b0c2c8-450e-440c-afe7-c4ed299be93e-/root/npm,target=/root/.npm npm ci
2025-11-17T14:13:22.417855947Z [inf]  [stage-0  5/10] COPY . /app/.
2025-11-17T14:13:22.417861299Z [inf]  [stage-0  4/10] RUN nix-env -if .nixpacks/nixpkgs-ffeebf0acf3ae8b29f8c7049cd911b9636efd7e7.nix && nix-collect-garbage -d
2025-11-17T14:13:22.417873235Z [inf]  [stage-0  3/10] COPY .nixpacks/nixpkgs-ffeebf0acf3ae8b29f8c7049cd911b9636efd7e7.nix .nixpacks/nixpkgs-ffeebf0acf3ae8b29f8c7049cd911b9636efd7e7.nix
2025-11-17T14:13:22.417879513Z [inf]  [internal] load build context
2025-11-17T14:13:22.417889375Z [inf]  [stage-0  2/10] WORKDIR /app/
2025-11-17T14:13:22.417900213Z [inf]  [stage-0  1/10] FROM ghcr.io/railwayapp/nixpacks:ubuntu-1745885067@sha256:d45c89d80e13d7ad0fd555b5130f22a866d9dd10e861f589932303ef2314c7de
2025-11-17T14:13:22.417920786Z [inf]  [stage-0  1/10] FROM ghcr.io/railwayapp/nixpacks:ubuntu-1745885067@sha256:d45c89d80e13d7ad0fd555b5130f22a866d9dd10e861f589932303ef2314c7de
2025-11-17T14:13:22.417949405Z [inf]  [internal] load build context
2025-11-17T14:13:22.417964465Z [inf]  [internal] load build context
2025-11-17T14:13:22.430195329Z [inf]  [stage-0  1/10] FROM ghcr.io/railwayapp/nixpacks:ubuntu-1745885067@sha256:d45c89d80e13d7ad0fd555b5130f22a866d9dd10e861f589932303ef2314c7de
2025-11-17T14:13:22.664826793Z [inf]  [internal] load build context
2025-11-17T14:13:22.666321425Z [inf]  [stage-0  2/10] WORKDIR /app/
2025-11-17T14:13:22.666363723Z [inf]  [stage-0  3/10] COPY .nixpacks/nixpkgs-ffeebf0acf3ae8b29f8c7049cd911b9636efd7e7.nix .nixpacks/nixpkgs-ffeebf0acf3ae8b29f8c7049cd911b9636efd7e7.nix
2025-11-17T14:13:22.860883449Z [inf]  [stage-0  3/10] COPY .nixpacks/nixpkgs-ffeebf0acf3ae8b29f8c7049cd911b9636efd7e7.nix .nixpacks/nixpkgs-ffeebf0acf3ae8b29f8c7049cd911b9636efd7e7.nix
2025-11-17T14:13:22.862817561Z [inf]  [stage-0  4/10] RUN nix-env -if .nixpacks/nixpkgs-ffeebf0acf3ae8b29f8c7049cd911b9636efd7e7.nix && nix-collect-garbage -d
2025-11-17T14:13:23.085107278Z [inf]  unpacking 'https://github.com/NixOS/nixpkgs/archive/ffeebf0acf3ae8b29f8c7049cd911b9636efd7e7.tar.gz' into the Git cache...

2025-11-17T14:13:51.020824332Z [inf]  unpacking 'https://github.com/railwayapp/nix-npm-overlay/archive/main.tar.gz' into the Git cache...

2025-11-17T14:13:51.519440293Z [inf]  installing 'ffeebf0acf3ae8b29f8c7049cd911b9636efd7e7-env'

2025-11-17T14:13:52.271521571Z [inf]  these 5 derivations will be built:
  /nix/store/1f4a312hz9m6y1ssip52drgkim8az4d6-libraries.drv
  /nix/store/6vy68gykpxfphbmmyd59ya88xvrwvvaa-npm-9.9.4.tgz.drv
  /nix/store/79g4v87v1cgrx5vlwzcagcs6v8ps8fk2-ffeebf0acf3ae8b29f8c7049cd911b9636efd7e7-env.drv
  /nix/store/w9h0z1lhfwxc0m38f3w5brfdqrzm4wyj-npm.drv
  /nix/store/n12g1myf9avf7s8klvwn4b0yl2bxxnn7-ffeebf0acf3ae8b29f8c7049cd911b9636efd7e7-env.drv

2025-11-17T14:13:52.271540902Z [inf]  these 76 paths will be fetched (118.54 MiB download, 558.32 MiB unpacked):

2025-11-17T14:13:52.27162047Z [inf]    /nix/store/cf7gkacyxmm66lwl5nj6j6yykbrg4q5c-acl-2.3.2
  /nix/store/a9jgnlhkjkxav6qrc3rzg2q84pkl2wvr-attr-2.5.2
  /nix/store/5mh7kaj2fyv8mk4sfq1brwxgc02884wi-bash-5.2p37
  /nix/store/j7p46r8v9gcpbxx89pbqlh61zhd33gzv-binutils-2.43.1
  /nix/store/df2a8k58k00f2dh2x930dg6xs6g6mliv-binutils-2.43.1-lib
  /nix/store/srcmmqi8kxjfygd0hyy42c8hv6cws83b-binutils-wrapper-2.43.1
  /nix/store/wf5zj2gbib3gjqllkabxaw4dh0gzcla3-builder.pl
  /nix/store/ivl2v8rgg7qh1jkj5pwpqycax3rc2hnl-bzip2-1.0.8
  /nix/store/mglixp03lsp0w986svwdvm7vcy17rdax-bzip2-1.0.8-bin
  /nix/store/4s9rah4cwaxflicsk5cndnknqlk9n4p3-coreutils-9.5
  /nix/store/pkc7mb4a4qvyz73srkqh4mwl70w98dsv-curl-8.11.0
  /nix/store/p123cq20klajcl9hj8jnkjip5nw6awhz-curl-8.11.0-bin
  /nix/store/5f5linrxzhhb3mrclkwdpm9bd8ygldna-curl-8.11.0-dev
  /nix/store/agvks3qmzja0yj54szi3vja6vx3cwkkw-curl-8.11.0-man
  /nix/store/00g69vw7c9lycy63h45ximy0wmzqx5y6-diffutils-3.10
  /nix/store/74h4z8k82pmp24xryflv4lxkz8jlpqqd-ed-1.20.2
  /nix/store/qbry6090vlr9ar33kdmmbq2p5apzbga8-expand-response-params
  /nix/store/c4rj90r2m89rxs64hmm857mipwjhig5d-file-5.46
  /nix/store/jqrz1vq5nz4lnv9pqzydj0ir58wbjfy1-findutils-4.10.0
  /nix/store/a3c47r5z1q2c4rz0kvq8hlilkhx2s718-gawk-5.3.1
  /nix/store/l89iqc7am6i60y8vk507zwrzxf0wcd3v-gcc-14-20241116
  /nix/store/bpq1s72cw9qb2fs8mnmlw6hn2c7iy0ss-gcc-14-20241116-lib
  /nix/store/17v0ywnr3akp85pvdi56gwl99ljv95kx-gcc-14-20241116-libgcc
  /nix/store/xcn9p4xxfbvlkpah7pwchpav4ab9d135-gcc-wrapper-14-20241116
  /nix/store/65h17wjrrlsj2rj540igylrx7fqcd6vq-glibc-2.40-36
  /nix/store/1c6bmxrrhm8bd26ai2rjqld2yyjrxhds-glibc-2.40-36-bin
  /nix/store/kj8hbqx4ds9qm9mq7hyikxyfwwg13kzj-glibc-2.40-36-dev
  /nix/store/kryrg7ds05iwcmy81amavk8w13y4lxbs-gmp-6.3.0
  /nix/store/a2byxfv4lc8f2g5xfzw8cz5q8k05wi29-gmp-with-cxx-6.3.0
  /nix/store/1m67ipsk39xvhyqrxnzv2m2p48pil8kl-gnu-config-2024-01-01
  /nix/store/aap6cq56amx4mzbyxp2wpgsf1kqjcr1f-gnugrep-3.11
  /nix/store/fp6cjl1zcmm6mawsnrb5yak1wkz2ma8l-gnumake-4.4.1

2025-11-17T14:13:52.271636046Z [inf]    /nix/store/abm77lnrkrkb58z6xp1qwjcr1xgkcfwm-gnused-4.9
  /nix/store/9cwwj1c9csmc85l2cqzs3h9hbf1vwl6c-gnutar-1.35
  /nix/store/nvvj6sk0k6px48436drlblf4gafgbvzr-gzip-1.13
  /nix/store/wwipgdqb4p2fr46kmw9c5wlk799kbl68-icu4c-74.2
  /nix/store/m8w3mf0i4862q22bxad0wspkgdy4jnkk-icu4c-74.2-dev
  /nix/store/xmbv8s4p4i4dbxgkgdrdfb0ym25wh6gk-isl-0.20
  /nix/store/2wh1gqyzf5xsvxpdz2k0bxiz583wwq29-keyutils-1.6.3-lib
  /nix/store/milph81dilrh96isyivh5n50agpx39k2-krb5-1.21.3
  /nix/store/b56mswksrql15knpb1bnhv3ysif340kd-krb5-1.21.3-dev
  /nix/store/v9c1s50x7magpiqgycxxkn36avzbcg0g-krb5-1.21.3-lib
  /nix/store/34z2792zyd4ayl5186vx0s98ckdaccz9-libidn2-2.3.7
  /nix/store/2a3anh8vl3fcgk0fvaravlimrqawawza-libmpc-1.3.1
  /nix/store/8675pnfr4fqnwv4pzjl67hdwls4q13aa-libssh2-1.11.1
  /nix/store/d7zhcrcc7q3yfbm3qkqpgc3daq82spwi-libssh2-1.11.1-dev
  /nix/store/xcqcgqazykf6s7fsn08k0blnh0wisdcl-libunistring-1.3

2025-11-17T14:13:52.271638673Z [inf]    /nix/store/r9ac2hwnmb0nxwsrvr6gi9wsqf2whfqj-libuv-1.49.2

2025-11-17T14:13:52.271644888Z [inf]    /nix/store/ll14czvpxglf6nnwmmrmygplm830fvlv-libuv-1.49.2-dev
  /nix/store/6cr0spsvymmrp1hj5n0kbaxw55w1lqyp-libxcrypt-4.4.36
  /nix/store/pc74azbkr19rkd5bjalq2xwx86cj3cga-linux-headers-6.12

2025-11-17T14:13:52.271647252Z [inf]    /nix/store/fv7gpnvg922frkh81w5hkdhpz0nw3iiz-mirrors-list

2025-11-17T14:13:52.271685434Z [inf]    /nix/store/qs22aazzrdd4dnjf9vffl0n31hvls43h-mpfr-4.2.1
  /nix/store/grixvx878884hy8x3xs0c0s1i00j632k-nghttp2-1.64.0
  /nix/store/dz97fw51rm5bl9kz1vg0haj1j1a7r1mr-nghttp2-1.64.0-dev
  /nix/store/qcghigzrz56vczwlzg9c02vbs6zr9jkz-nghttp2-1.64.0-lib
  /nix/store/wlpq101dsifq98z2bk300x4dk80wcybr-nodejs-18.20.5
  /nix/store/9l9n7a0v4aibcz0sgd0crs209an9p7dz-openssl-3.3.2
  /nix/store/h1ydpxkw9qhjdxjpic1pdc2nirggyy6f-openssl-3.3.2
  /nix/store/lygl27c44xv73kx1spskcgvzwq7z337c-openssl-3.3.2-bin
  /nix/store/qq5q0alyzywdazhmybi7m69akz0ppk05-openssl-3.3.2-bin
  /nix/store/kqm7wpqkzc4bwjlzqizcbz0mgkj06a9x-openssl-3.3.2-dev
  /nix/store/pp2zf8bdgyz60ds8vcshk2603gcjgp72-openssl-3.3.2-dev
  /nix/store/q10wlq1brcnc21v5qvhbj9fwlf806dgm-openssl-3.3.2-man
  /nix/store/5yja5dpk2qw1v5mbfbl2d7klcdfrh90w-patch-2.7.6
  /nix/store/srfxqk119fijwnprgsqvn68ys9kiw0bn-patchelf-0.15.0
  /nix/store/3j1p598fivxs69wx3a657ysv3rw8k06l-pcre2-10.44

2025-11-17T14:13:52.271690762Z [inf]    /nix/store/1i003ijlh9i0mzp6alqby5hg3090pjdx-perl-5.40.0
  /nix/store/4ig84cyqi6qy4n0sanrbzsw1ixa497jx-stdenv-linux
  /nix/store/d0gfdcag8bxzvg7ww4s7px4lf8sxisyx-stdenv-linux
  /nix/store/d29r1bdmlvwmj52apgcdxfl1mm9c5782-update-autotools-gnu-config-scripts-hook

2025-11-17T14:13:52.271694467Z [inf]    /nix/store/acfkqzj5qrqs88a4a6ixnybbjxja663d-xgcc-14-20241116-libgcc
  /nix/store/c2njy6bv84kw1i4bjf5k5gn7gz8hn57n-xz-5.6.3

2025-11-17T14:13:52.271713753Z [inf]    /nix/store/h18s640fnhhj2qdh5vivcfbxvz377srg-xz-5.6.3-bin
  /nix/store/cqlaa2xf6lslnizyj9xqa8j0ii1yqw0x-zlib-1.3.1
  /nix/store/1lggwqzapn5mn49l9zy4h566ysv9kzdb-zlib-1.3.1-dev

2025-11-17T14:13:52.279321938Z [inf]  copying path '/nix/store/wf5zj2gbib3gjqllkabxaw4dh0gzcla3-builder.pl' from 'https://cache.nixos.org'...

2025-11-17T14:13:52.282154572Z [inf]  copying path '/nix/store/q10wlq1brcnc21v5qvhbj9fwlf806dgm-openssl-3.3.2-man' from 'https://cache.nixos.org'...

2025-11-17T14:13:52.285295961Z [inf]  copying path '/nix/store/17v0ywnr3akp85pvdi56gwl99ljv95kx-gcc-14-20241116-libgcc' from 'https://cache.nixos.org'...
copying path '/nix/store/1m67ipsk39xvhyqrxnzv2m2p48pil8kl-gnu-config-2024-01-01' from 'https://cache.nixos.org'...

2025-11-17T14:13:52.285922124Z [inf]  copying path '/nix/store/acfkqzj5qrqs88a4a6ixnybbjxja663d-xgcc-14-20241116-libgcc' from 'https://cache.nixos.org'...

2025-11-17T14:13:52.286240591Z [inf]  copying path '/nix/store/xcqcgqazykf6s7fsn08k0blnh0wisdcl-libunistring-1.3' from 'https://cache.nixos.org'...

2025-11-17T14:13:52.290171764Z [inf]  copying path '/nix/store/pc74azbkr19rkd5bjalq2xwx86cj3cga-linux-headers-6.12' from 'https://cache.nixos.org'...
copying path '/nix/store/fv7gpnvg922frkh81w5hkdhpz0nw3iiz-mirrors-list' from 'https://cache.nixos.org'...

2025-11-17T14:13:52.290736847Z [inf]  copying path '/nix/store/agvks3qmzja0yj54szi3vja6vx3cwkkw-curl-8.11.0-man' from 'https://cache.nixos.org'...

2025-11-17T14:13:52.291411095Z [inf]  copying path '/nix/store/grixvx878884hy8x3xs0c0s1i00j632k-nghttp2-1.64.0' from 'https://cache.nixos.org'...

2025-11-17T14:13:52.300066383Z [inf]  copying path '/nix/store/d29r1bdmlvwmj52apgcdxfl1mm9c5782-update-autotools-gnu-config-scripts-hook' from 'https://cache.nixos.org'...

2025-11-17T14:13:52.354053223Z [inf]  copying path '/nix/store/34z2792zyd4ayl5186vx0s98ckdaccz9-libidn2-2.3.7' from 'https://cache.nixos.org'...

2025-11-17T14:13:52.375720757Z [inf]  copying path '/nix/store/65h17wjrrlsj2rj540igylrx7fqcd6vq-glibc-2.40-36' from 'https://cache.nixos.org'...

2025-11-17T14:13:53.017373653Z [inf]  copying path '/nix/store/a9jgnlhkjkxav6qrc3rzg2q84pkl2wvr-attr-2.5.2' from 'https://cache.nixos.org'...
copying path '/nix/store/5mh7kaj2fyv8mk4sfq1brwxgc02884wi-bash-5.2p37' from 'https://cache.nixos.org'...
copying path '/nix/store/ivl2v8rgg7qh1jkj5pwpqycax3rc2hnl-bzip2-1.0.8' from 'https://cache.nixos.org'...
copying path '/nix/store/74h4z8k82pmp24xryflv4lxkz8jlpqqd-ed-1.20.2' from 'https://cache.nixos.org'...

2025-11-17T14:13:53.017465205Z [inf]  copying path '/nix/store/qbry6090vlr9ar33kdmmbq2p5apzbga8-expand-response-params' from 'https://cache.nixos.org'...
copying path '/nix/store/a3c47r5z1q2c4rz0kvq8hlilkhx2s718-gawk-5.3.1' from 'https://cache.nixos.org'...

2025-11-17T14:13:53.017475526Z [inf]  copying path '/nix/store/bpq1s72cw9qb2fs8mnmlw6hn2c7iy0ss-gcc-14-20241116-lib' from 'https://cache.nixos.org'...
copying path '/nix/store/1c6bmxrrhm8bd26ai2rjqld2yyjrxhds-glibc-2.40-36-bin' from 'https://cache.nixos.org'...

2025-11-17T14:13:53.017643673Z [inf]  copying path '/nix/store/kryrg7ds05iwcmy81amavk8w13y4lxbs-gmp-6.3.0' from 'https://cache.nixos.org'...
copying path '/nix/store/fp6cjl1zcmm6mawsnrb5yak1wkz2ma8l-gnumake-4.4.1' from 'https://cache.nixos.org'...

2025-11-17T14:13:53.017706302Z [inf]  copying path '/nix/store/abm77lnrkrkb58z6xp1qwjcr1xgkcfwm-gnused-4.9' from 'https://cache.nixos.org'...

2025-11-17T14:13:53.017716397Z [inf]  copying path '/nix/store/2wh1gqyzf5xsvxpdz2k0bxiz583wwq29-keyutils-1.6.3-lib' from 'https://cache.nixos.org'...

2025-11-17T14:13:53.017849489Z [inf]  copying path '/nix/store/r9ac2hwnmb0nxwsrvr6gi9wsqf2whfqj-libuv-1.49.2' from 'https://cache.nixos.org'...

2025-11-17T14:13:53.017911823Z [inf]  copying path '/nix/store/qcghigzrz56vczwlzg9c02vbs6zr9jkz-nghttp2-1.64.0-lib' from 'https://cache.nixos.org'...

2025-11-17T14:13:53.018195169Z [inf]  copying path '/nix/store/6cr0spsvymmrp1hj5n0kbaxw55w1lqyp-libxcrypt-4.4.36' from 'https://cache.nixos.org'...

2025-11-17T14:13:53.092866538Z [inf]  copying path '/nix/store/9l9n7a0v4aibcz0sgd0crs209an9p7dz-openssl-3.3.2' from 'https://cache.nixos.org'...

2025-11-17T14:13:53.095701139Z [inf]  copying path '/nix/store/h1ydpxkw9qhjdxjpic1pdc2nirggyy6f-openssl-3.3.2' from 'https://cache.nixos.org'...

2025-11-17T14:13:53.097087391Z [inf]  copying path '/nix/store/5yja5dpk2qw1v5mbfbl2d7klcdfrh90w-patch-2.7.6' from 'https://cache.nixos.org'...

2025-11-17T14:13:53.104895469Z [inf]  copying path '/nix/store/cf7gkacyxmm66lwl5nj6j6yykbrg4q5c-acl-2.3.2' from 'https://cache.nixos.org'...

2025-11-17T14:13:53.107109637Z [inf]  copying path '/nix/store/mglixp03lsp0w986svwdvm7vcy17rdax-bzip2-1.0.8-bin' from 'https://cache.nixos.org'...

2025-11-17T14:13:53.107187026Z [inf]  copying path '/nix/store/3j1p598fivxs69wx3a657ysv3rw8k06l-pcre2-10.44' from 'https://cache.nixos.org'...

2025-11-17T14:13:53.107214569Z [inf]  copying path '/nix/store/c2njy6bv84kw1i4bjf5k5gn7gz8hn57n-xz-5.6.3' from 'https://cache.nixos.org'...

2025-11-17T14:13:53.112555172Z [inf]  copying path '/nix/store/cqlaa2xf6lslnizyj9xqa8j0ii1yqw0x-zlib-1.3.1' from 'https://cache.nixos.org'...

2025-11-17T14:13:53.116154266Z [inf]  copying path '/nix/store/ll14czvpxglf6nnwmmrmygplm830fvlv-libuv-1.49.2-dev' from 'https://cache.nixos.org'...

2025-11-17T14:13:53.118705417Z [inf]  copying path '/nix/store/dz97fw51rm5bl9kz1vg0haj1j1a7r1mr-nghttp2-1.64.0-dev' from 'https://cache.nixos.org'...

2025-11-17T14:13:53.119321015Z [inf]  copying path '/nix/store/9cwwj1c9csmc85l2cqzs3h9hbf1vwl6c-gnutar-1.35' from 'https://cache.nixos.org'...

2025-11-17T14:13:53.121339085Z [inf]  copying path '/nix/store/xmbv8s4p4i4dbxgkgdrdfb0ym25wh6gk-isl-0.20' from 'https://cache.nixos.org'...
copying path '/nix/store/qs22aazzrdd4dnjf9vffl0n31hvls43h-mpfr-4.2.1' from 'https://cache.nixos.org'...

2025-11-17T14:13:53.127200019Z [inf]  copying path '/nix/store/nvvj6sk0k6px48436drlblf4gafgbvzr-gzip-1.13' from 'https://cache.nixos.org'...

2025-11-17T14:13:53.136278854Z [inf]  copying path '/nix/store/df2a8k58k00f2dh2x930dg6xs6g6mliv-binutils-2.43.1-lib' from 'https://cache.nixos.org'...

2025-11-17T14:13:53.136297193Z [inf]  copying path '/nix/store/c4rj90r2m89rxs64hmm857mipwjhig5d-file-5.46' from 'https://cache.nixos.org'...
copying path '/nix/store/1lggwqzapn5mn49l9zy4h566ysv9kzdb-zlib-1.3.1-dev' from 'https://cache.nixos.org'...

2025-11-17T14:13:53.145893863Z [inf]  copying path '/nix/store/h18s640fnhhj2qdh5vivcfbxvz377srg-xz-5.6.3-bin' from 'https://cache.nixos.org'...

2025-11-17T14:13:53.156078786Z [inf]  copying path '/nix/store/2a3anh8vl3fcgk0fvaravlimrqawawza-libmpc-1.3.1' from 'https://cache.nixos.org'...

2025-11-17T14:13:53.158209228Z [inf]  copying path '/nix/store/kj8hbqx4ds9qm9mq7hyikxyfwwg13kzj-glibc-2.40-36-dev' from 'https://cache.nixos.org'...

2025-11-17T14:13:53.167168288Z [inf]  copying path '/nix/store/aap6cq56amx4mzbyxp2wpgsf1kqjcr1f-gnugrep-3.11' from 'https://cache.nixos.org'...

2025-11-17T14:13:53.256342693Z [inf]  copying path '/nix/store/v9c1s50x7magpiqgycxxkn36avzbcg0g-krb5-1.21.3-lib' from 'https://cache.nixos.org'...
copying path '/nix/store/8675pnfr4fqnwv4pzjl67hdwls4q13aa-libssh2-1.11.1' from 'https://cache.nixos.org'...
copying path '/nix/store/qq5q0alyzywdazhmybi7m69akz0ppk05-openssl-3.3.2-bin' from 'https://cache.nixos.org'...

2025-11-17T14:13:53.267514738Z [inf]  copying path '/nix/store/j7p46r8v9gcpbxx89pbqlh61zhd33gzv-binutils-2.43.1' from 'https://cache.nixos.org'...
copying path '/nix/store/l89iqc7am6i60y8vk507zwrzxf0wcd3v-gcc-14-20241116' from 'https://cache.nixos.org'...
copying path '/nix/store/a2byxfv4lc8f2g5xfzw8cz5q8k05wi29-gmp-with-cxx-6.3.0' from 'https://cache.nixos.org'...

2025-11-17T14:13:53.267603691Z [inf]  copying path '/nix/store/wwipgdqb4p2fr46kmw9c5wlk799kbl68-icu4c-74.2' from 'https://cache.nixos.org'...
copying path '/nix/store/srfxqk119fijwnprgsqvn68ys9kiw0bn-patchelf-0.15.0' from 'https://cache.nixos.org'...

2025-11-17T14:13:53.270267277Z [inf]  copying path '/nix/store/lygl27c44xv73kx1spskcgvzwq7z337c-openssl-3.3.2-bin' from 'https://cache.nixos.org'...

2025-11-17T14:13:53.291398522Z [inf]  copying path '/nix/store/kqm7wpqkzc4bwjlzqizcbz0mgkj06a9x-openssl-3.3.2-dev' from 'https://cache.nixos.org'...

2025-11-17T14:13:53.298880715Z [inf]  copying path '/nix/store/4s9rah4cwaxflicsk5cndnknqlk9n4p3-coreutils-9.5' from 'https://cache.nixos.org'...

2025-11-17T14:13:53.306771561Z [inf]  copying path '/nix/store/pp2zf8bdgyz60ds8vcshk2603gcjgp72-openssl-3.3.2-dev' from 'https://cache.nixos.org'...

2025-11-17T14:13:53.32550193Z [inf]  copying path '/nix/store/pkc7mb4a4qvyz73srkqh4mwl70w98dsv-curl-8.11.0' from 'https://cache.nixos.org'...
copying path '/nix/store/milph81dilrh96isyivh5n50agpx39k2-krb5-1.21.3' from 'https://cache.nixos.org'...

2025-11-17T14:13:53.370414042Z [inf]  copying path '/nix/store/d7zhcrcc7q3yfbm3qkqpgc3daq82spwi-libssh2-1.11.1-dev' from 'https://cache.nixos.org'...

2025-11-17T14:13:53.38930921Z [inf]  copying path '/nix/store/p123cq20klajcl9hj8jnkjip5nw6awhz-curl-8.11.0-bin' from 'https://cache.nixos.org'...

2025-11-17T14:13:53.403767267Z [inf]  copying path '/nix/store/b56mswksrql15knpb1bnhv3ysif340kd-krb5-1.21.3-dev' from 'https://cache.nixos.org'...

2025-11-17T14:13:53.410364971Z [inf]  copying path '/nix/store/00g69vw7c9lycy63h45ximy0wmzqx5y6-diffutils-3.10' from 'https://cache.nixos.org'...
copying path '/nix/store/jqrz1vq5nz4lnv9pqzydj0ir58wbjfy1-findutils-4.10.0' from 'https://cache.nixos.org'...
copying path '/nix/store/1i003ijlh9i0mzp6alqby5hg3090pjdx-perl-5.40.0' from 'https://cache.nixos.org'...

2025-11-17T14:13:53.44630813Z [inf]  copying path '/nix/store/5f5linrxzhhb3mrclkwdpm9bd8ygldna-curl-8.11.0-dev' from 'https://cache.nixos.org'...

2025-11-17T14:13:53.468298729Z [inf]  copying path '/nix/store/4ig84cyqi6qy4n0sanrbzsw1ixa497jx-stdenv-linux' from 'https://cache.nixos.org'...

2025-11-17T14:13:53.714896549Z [inf]  copying path '/nix/store/srcmmqi8kxjfygd0hyy42c8hv6cws83b-binutils-wrapper-2.43.1' from 'https://cache.nixos.org'...

2025-11-17T14:13:53.956102085Z [inf]  copying path '/nix/store/m8w3mf0i4862q22bxad0wspkgdy4jnkk-icu4c-74.2-dev' from 'https://cache.nixos.org'...

2025-11-17T14:13:54.528553678Z [inf]  building '/nix/store/1f4a312hz9m6y1ssip52drgkim8az4d6-libraries.drv'...

2025-11-17T14:13:54.565826497Z [inf]  building '/nix/store/6vy68gykpxfphbmmyd59ya88xvrwvvaa-npm-9.9.4.tgz.drv'...

2025-11-17T14:13:54.733371473Z [inf]  building '/nix/store/79g4v87v1cgrx5vlwzcagcs6v8ps8fk2-ffeebf0acf3ae8b29f8c7049cd911b9636efd7e7-env.drv'...

2025-11-17T14:13:54.740215941Z [inf]  copying path '/nix/store/wlpq101dsifq98z2bk300x4dk80wcybr-nodejs-18.20.5' from 'https://cache.nixos.org'...

2025-11-17T14:13:54.988784491Z [inf]  
trying https://registry.npmjs.org/npm/-/npm-9.9.4.tgz

2025-11-17T14:13:54.992205608Z [inf]    % Total    % Received % Xferd  Average Speed   Time    Time     Time  Current

2025-11-17T14:13:54.99234775Z [inf]                                   Dload  Upload   Total   Spent    Left  Speed

2025-11-17T14:13:55.117168266Z [inf]  100 2648k  100 2648k    0     0  20.6M      0 --:--:-- --:--:-- --:--:-- 20.8M

2025-11-17T14:13:57.920279947Z [inf]  copying path '/nix/store/xcn9p4xxfbvlkpah7pwchpav4ab9d135-gcc-wrapper-14-20241116' from 'https://cache.nixos.org'...

2025-11-17T14:13:57.933000906Z [inf]  copying path '/nix/store/d0gfdcag8bxzvg7ww4s7px4lf8sxisyx-stdenv-linux' from 'https://cache.nixos.org'...

2025-11-17T14:13:57.980193462Z [inf]  building '/nix/store/w9h0z1lhfwxc0m38f3w5brfdqrzm4wyj-npm.drv'...

2025-11-17T14:13:58.045020786Z [inf]  Running phase: unpackPhase

2025-11-17T14:13:58.049578473Z [inf]  unpacking source archive /nix/store/fkd1ma3nify8r9wp463yg5rqz9hdcyf1-npm-9.9.4.tgz

2025-11-17T14:13:58.154726799Z [inf]  source root is package

2025-11-17T14:13:58.198170906Z [inf]  setting SOURCE_DATE_EPOCH to timestamp 499162500 of file package/package.json

2025-11-17T14:13:58.202895387Z [inf]  Running phase: installPhase

2025-11-17T14:13:58.870285989Z [inf]  building '/nix/store/n12g1myf9avf7s8klvwn4b0yl2bxxnn7-ffeebf0acf3ae8b29f8c7049cd911b9636efd7e7-env.drv'...

2025-11-17T14:13:58.955592632Z [inf]  created 424 symlinks in user environment

2025-11-17T14:13:59.150563483Z [inf]  building '/nix/store/qqxblwnmrkddsdk840jrd6awsicpr8zr-user-environment.drv'...

2025-11-17T14:13:59.377103617Z [inf]  removing old generations of profile /nix/var/nix/profiles/per-user/root/profile

2025-11-17T14:13:59.377214889Z [inf]  removing profile version 1

2025-11-17T14:13:59.377326194Z [inf]  removing old generations of profile /nix/var/nix/profiles/per-user/root/channels

2025-11-17T14:13:59.377487697Z [inf]  removing old generations of profile /nix/var/nix/profiles/per-user/root/profile

2025-11-17T14:13:59.377584659Z [inf]  removing old generations of profile /nix/var/nix/profiles/per-user/root/channels

2025-11-17T14:13:59.380159631Z [inf]  finding garbage collector roots...

2025-11-17T14:13:59.380481196Z [inf]  removing stale link from '/nix/var/nix/gcroots/auto/lzjbmb2ry0z7lma2fvpqprb12921pnb5' to '/nix/var/nix/profiles/per-user/root/profile-1-link'

2025-11-17T14:13:59.386995751Z [inf]  deleting garbage...

2025-11-17T14:13:59.391669389Z [inf]  deleting '/nix/store/a9qf4wwhympzs35ncp80r185j6a21w07-user-environment'

2025-11-17T14:13:59.392402076Z [inf]  deleting '/nix/store/253kwn1730vnay87xkjgxa2v97w3y079-user-environment.drv'

2025-11-17T14:13:59.392900946Z [inf]  deleting '/nix/store/hn5mrh362n52x8wwab9s1v6bgn4n5c94-env-manifest.nix'

2025-11-17T14:13:59.41492744Z [inf]  deleting '/nix/store/d0gfdcag8bxzvg7ww4s7px4lf8sxisyx-stdenv-linux'

2025-11-17T14:13:59.415331708Z [inf]  deleting '/nix/store/4ig84cyqi6qy4n0sanrbzsw1ixa497jx-stdenv-linux'

2025-11-17T14:13:59.415560157Z [inf]  deleting '/nix/store/fp6cjl1zcmm6mawsnrb5yak1wkz2ma8l-gnumake-4.4.1'

2025-11-17T14:13:59.417795601Z [inf]  deleting '/nix/store/5f5linrxzhhb3mrclkwdpm9bd8ygldna-curl-8.11.0-dev'

2025-11-17T14:13:59.418314303Z [inf]  deleting '/nix/store/p123cq20klajcl9hj8jnkjip5nw6awhz-curl-8.11.0-bin'

2025-11-17T14:13:59.418509641Z [inf]  deleting '/nix/store/fv7gpnvg922frkh81w5hkdhpz0nw3iiz-mirrors-list'

2025-11-17T14:13:59.418739468Z [inf]  deleting '/nix/store/9cwwj1c9csmc85l2cqzs3h9hbf1vwl6c-gnutar-1.35'

2025-11-17T14:13:59.421769758Z [inf]  deleting '/nix/store/d7zhcrcc7q3yfbm3qkqpgc3daq82spwi-libssh2-1.11.1-dev'

2025-11-17T14:13:59.422121011Z [inf]  deleting '/nix/store/kqm7wpqkzc4bwjlzqizcbz0mgkj06a9x-openssl-3.3.2-dev'

2025-11-17T14:13:59.4241109Z [inf]  deleting '/nix/store/qq5q0alyzywdazhmybi7m69akz0ppk05-openssl-3.3.2-bin'

2025-11-17T14:13:59.424383621Z [inf]  deleting '/nix/store/d29r1bdmlvwmj52apgcdxfl1mm9c5782-update-autotools-gnu-config-scripts-hook'

2025-11-17T14:13:59.424832515Z [inf]  deleting '/nix/store/xcn9p4xxfbvlkpah7pwchpav4ab9d135-gcc-wrapper-14-20241116'

2025-11-17T14:13:59.425508565Z [inf]  deleting '/nix/store/aap6cq56amx4mzbyxp2wpgsf1kqjcr1f-gnugrep-3.11'

2025-11-17T14:13:59.428508229Z [inf]  deleting '/nix/store/3j1p598fivxs69wx3a657ysv3rw8k06l-pcre2-10.44'

2025-11-17T14:13:59.429206247Z [inf]  deleting '/nix/store/pkc7mb4a4qvyz73srkqh4mwl70w98dsv-curl-8.11.0'

2025-11-17T14:13:59.429437401Z [inf]  deleting '/nix/store/b56mswksrql15knpb1bnhv3ysif340kd-krb5-1.21.3-dev'

2025-11-17T14:13:59.430327358Z [inf]  deleting '/nix/store/milph81dilrh96isyivh5n50agpx39k2-krb5-1.21.3'

2025-11-17T14:13:59.431238954Z [inf]  deleting '/nix/store/v9c1s50x7magpiqgycxxkn36avzbcg0g-krb5-1.21.3-lib'

2025-11-17T14:13:59.432069997Z [inf]  deleting '/nix/store/2wh1gqyzf5xsvxpdz2k0bxiz583wwq29-keyutils-1.6.3-lib'

2025-11-17T14:13:59.432534592Z [inf]  deleting '/nix/store/l89iqc7am6i60y8vk507zwrzxf0wcd3v-gcc-14-20241116'

2025-11-17T14:13:59.452621026Z [inf]  deleting '/nix/store/2a3anh8vl3fcgk0fvaravlimrqawawza-libmpc-1.3.1'

2025-11-17T14:13:59.453076295Z [inf]  deleting '/nix/store/8675pnfr4fqnwv4pzjl67hdwls4q13aa-libssh2-1.11.1'

2025-11-17T14:13:59.453380637Z [inf]  deleting '/nix/store/dz97fw51rm5bl9kz1vg0haj1j1a7r1mr-nghttp2-1.64.0-dev'

2025-11-17T14:13:59.453869823Z [inf]  deleting '/nix/store/jqrz1vq5nz4lnv9pqzydj0ir58wbjfy1-findutils-4.10.0'

2025-11-17T14:13:59.456743873Z [inf]  deleting '/nix/store/h18s640fnhhj2qdh5vivcfbxvz377srg-xz-5.6.3-bin'

2025-11-17T14:13:59.457144261Z [inf]  deleting '/nix/store/c2njy6bv84kw1i4bjf5k5gn7gz8hn57n-xz-5.6.3'

2025-11-17T14:13:59.45881172Z [inf]  deleting '/nix/store/fkd1ma3nify8r9wp463yg5rqz9hdcyf1-npm-9.9.4.tgz'

2025-11-17T14:13:59.459057678Z [inf]  deleting '/nix/store/srcmmqi8kxjfygd0hyy42c8hv6cws83b-binutils-wrapper-2.43.1'

2025-11-17T14:13:59.459697271Z [inf]  deleting '/nix/store/qbry6090vlr9ar33kdmmbq2p5apzbga8-expand-response-params'

2025-11-17T14:13:59.459925299Z [inf]  deleting '/nix/store/nvvj6sk0k6px48436drlblf4gafgbvzr-gzip-1.13'

2025-11-17T14:13:59.460424366Z [inf]  deleting '/nix/store/xmbv8s4p4i4dbxgkgdrdfb0ym25wh6gk-isl-0.20'

2025-11-17T14:13:59.461297766Z [inf]  deleting '/nix/store/qs22aazzrdd4dnjf9vffl0n31hvls43h-mpfr-4.2.1'

2025-11-17T14:13:59.461818928Z [inf]  deleting '/nix/store/kryrg7ds05iwcmy81amavk8w13y4lxbs-gmp-6.3.0'

2025-11-17T14:13:59.46223307Z [inf]  deleting '/nix/store/kj8hbqx4ds9qm9mq7hyikxyfwwg13kzj-glibc-2.40-36-dev'

2025-11-17T14:13:59.468426959Z [inf]  deleting '/nix/store/pc74azbkr19rkd5bjalq2xwx86cj3cga-linux-headers-6.12'

2025-11-17T14:13:59.480186543Z [inf]  deleting '/nix/store/9l9n7a0v4aibcz0sgd0crs209an9p7dz-openssl-3.3.2'

2025-11-17T14:13:59.480798966Z [inf]  deleting '/nix/store/00g69vw7c9lycy63h45ximy0wmzqx5y6-diffutils-3.10'

2025-11-17T14:13:59.483086647Z [inf]  deleting '/nix/store/agvks3qmzja0yj54szi3vja6vx3cwkkw-curl-8.11.0-man'

2025-11-17T14:13:59.484144746Z [inf]  deleting '/nix/store/c4rj90r2m89rxs64hmm857mipwjhig5d-file-5.46'

2025-11-17T14:13:59.484664107Z [inf]  deleting '/nix/store/5yja5dpk2qw1v5mbfbl2d7klcdfrh90w-patch-2.7.6'

2025-11-17T14:13:59.485001006Z [inf]  deleting '/nix/store/74h4z8k82pmp24xryflv4lxkz8jlpqqd-ed-1.20.2'

2025-11-17T14:13:59.485370135Z [inf]  deleting '/nix/store/j7p46r8v9gcpbxx89pbqlh61zhd33gzv-binutils-2.43.1'

2025-11-17T14:13:59.490498762Z [inf]  deleting '/nix/store/1m67ipsk39xvhyqrxnzv2m2p48pil8kl-gnu-config-2024-01-01'

2025-11-17T14:13:59.490757689Z [inf]  deleting '/nix/store/grixvx878884hy8x3xs0c0s1i00j632k-nghttp2-1.64.0'

2025-11-17T14:13:59.491278526Z [inf]  deleting '/nix/store/9fxr7753z31rn59i64dqaajgsx0ap91p-libraries'

2025-11-17T14:13:59.49146233Z [inf]  deleting '/nix/store/lwi59jcfwk2lnrakmm1y5vw85hj3n1bi-source'

2025-11-17T14:14:00.403557575Z [inf]  deleting '/nix/store/df2a8k58k00f2dh2x930dg6xs6g6mliv-binutils-2.43.1-lib'

2025-11-17T14:14:00.403834273Z [inf]  deleting '/nix/store/abm77lnrkrkb58z6xp1qwjcr1xgkcfwm-gnused-4.9'

2025-11-17T14:14:00.405562231Z [inf]  deleting '/nix/store/a3c47r5z1q2c4rz0kvq8hlilkhx2s718-gawk-5.3.1'

2025-11-17T14:14:00.40706141Z [inf]  deleting '/nix/store/mglixp03lsp0w986svwdvm7vcy17rdax-bzip2-1.0.8-bin'

2025-11-17T14:14:00.407259197Z [inf]  deleting '/nix/store/ivl2v8rgg7qh1jkj5pwpqycax3rc2hnl-bzip2-1.0.8'

2025-11-17T14:14:00.407432105Z [inf]  deleting '/nix/store/cq7spyiisamd2arvssmh3cds0hw8gzy0-source'

2025-11-17T14:14:00.408016967Z [inf]  deleting '/nix/store/srfxqk119fijwnprgsqvn68ys9kiw0bn-patchelf-0.15.0'

2025-11-17T14:14:00.408347425Z [inf]  deleting '/nix/store/qcghigzrz56vczwlzg9c02vbs6zr9jkz-nghttp2-1.64.0-lib'

2025-11-17T14:14:00.408694267Z [inf]  deleting '/nix/store/wf5zj2gbib3gjqllkabxaw4dh0gzcla3-builder.pl'

2025-11-17T14:14:00.408900627Z [inf]  deleting '/nix/store/1c6bmxrrhm8bd26ai2rjqld2yyjrxhds-glibc-2.40-36-bin'

2025-11-17T14:14:00.409210485Z [inf]  deleting '/nix/store/1i003ijlh9i0mzp6alqby5hg3090pjdx-perl-5.40.0'

2025-11-17T14:14:00.426329297Z [inf]  deleting '/nix/store/6cr0spsvymmrp1hj5n0kbaxw55w1lqyp-libxcrypt-4.4.36'

2025-11-17T14:14:00.42658929Z [inf]  deleting unused links...

2025-11-17T14:14:02.046021136Z [inf]  note: currently hard linking saves 1.61 MiB

2025-11-17T14:14:02.057344004Z [inf]  61 store paths deleted, 559.40 MiB freed

2025-11-17T14:14:02.653524859Z [inf]  [stage-0  4/10] RUN nix-env -if .nixpacks/nixpkgs-ffeebf0acf3ae8b29f8c7049cd911b9636efd7e7.nix && nix-collect-garbage -d
2025-11-17T14:14:02.657321758Z [inf]  [stage-0  5/10] COPY . /app/.
2025-11-17T14:14:02.943533910Z [inf]  [stage-0  5/10] COPY . /app/.
2025-11-17T14:14:02.946584457Z [inf]  [stage-0  6/10] RUN --mount=type=cache,id=s/08b0c2c8-450e-440c-afe7-c4ed299be93e-/root/npm,target=/root/.npm npm ci
2025-11-17T14:14:03.161958697Z [inf]  npm warn config production Use `--omit=dev` instead.

2025-11-17T14:14:03.793937063Z [inf]  npm warn EBADENGINE Unsupported engine {
npm warn EBADENGINE   package: '@neondatabase/serverless@1.0.2',
npm warn EBADENGINE   required: { node: '>=19.0.0' },
npm warn EBADENGINE   current: { node: 'v18.20.5', npm: '10.8.2' }
npm warn EBADENGINE }

2025-11-17T14:14:08.309793548Z [inf]  npm warn deprecated @esbuild-kit/core-utils@3.3.2: Merged into tsx: https://tsx.is

2025-11-17T14:14:08.347172282Z [inf]  npm warn deprecated @esbuild-kit/esm-loader@2.6.5: Merged into tsx: https://tsx.is

2025-11-17T14:14:21.23754675Z [inf]  
added 570 packages, and audited 571 packages in 18s

2025-11-17T14:14:21.237596262Z [inf]  

2025-11-17T14:14:21.237606369Z [inf]  166 packages are looking for funding

2025-11-17T14:14:21.237638158Z [inf]    run `npm fund` for details

2025-11-17T14:14:21.324743264Z [inf]  
6 vulnerabilities (5 moderate, 1 critical)

To address issues that do not require attention, run:
  npm audit fix

To address all issues (including breaking changes), run:
  npm audit fix --force

Run `npm audit` for details.

2025-11-17T14:14:21.503228345Z [inf]  [stage-0  6/10] RUN --mount=type=cache,id=s/08b0c2c8-450e-440c-afe7-c4ed299be93e-/root/npm,target=/root/.npm npm ci
2025-11-17T14:14:21.505307741Z [inf]  [stage-0  7/10] COPY . /app/.
2025-11-17T14:14:21.867366614Z [inf]  [stage-0  7/10] COPY . /app/.
2025-11-17T14:14:21.869383127Z [inf]  [stage-0  8/10] RUN --mount=type=cache,id=s/08b0c2c8-450e-440c-afe7-c4ed299be93e-next/cache,target=/app/.next/cache --mount=type=cache,id=s/08b0c2c8-450e-440c-afe7-c4ed299be93e-node_modules/cache,target=/app/node_modules/.cache npm run build
2025-11-17T14:14:22.099629181Z [inf]  npm warn config production Use `--omit=dev` instead.

2025-11-17T14:14:22.117410474Z [inf]  
> free-nextadmin-nextjs@1.2.1 build
> next build


2025-11-17T14:14:22.767978213Z [inf]  Attention: Next.js now collects completely anonymous telemetry regarding usage.

2025-11-17T14:14:22.768269006Z [inf]  This information is used to shape Next.js' roadmap and prioritize features.

2025-11-17T14:14:22.768286329Z [inf]  You can learn more, including how to opt-out if you'd not like to participate in this anonymous program, by visiting the following URL:
https://nextjs.org/telemetry


2025-11-17T14:14:22.828770746Z [inf]     â–² Next.js 15.1.6

2025-11-17T14:14:22.828785776Z [inf]     - Environments: .env

2025-11-17T14:14:22.828898813Z [inf]  

2025-11-17T14:14:22.883667918Z [inf]     Creating an optimized production build ...

2025-11-17T14:14:42.679758853Z [inf]   âœ“ Compiled successfully

2025-11-17T14:14:42.685228473Z [inf]     Linting and checking validity of types ...

2025-11-17T14:14:46.856487757Z [inf]  
Failed to compile.

./src/app/academics/calendar/components/Calendar.tsx
404:27  Error: `'` can be escaped with `&apos;`, `&lsquo;`, `&#39;`, `&rsquo;`.  react/no-unescaped-entities

info  - Need to disable some ESLint rules? Learn more here: https://nextjs.org/docs/app/api-reference/config/eslint#disabling-rules

2025-11-17T14:14:49.837524647Z [err]  [stage-0  8/10] RUN --mount=type=cache,id=s/08b0c2c8-450e-440c-afe7-c4ed299be93e-next/cache,target=/app/.next/cache --mount=type=cache,id=s/08b0c2c8-450e-440c-afe7-c4ed299be93e-node_modules/cache,target=/app/node_modules/.cache npm run build
2025-11-17T14:14:50.073574290Z [err]  Dockerfile:24
2025-11-17T14:14:50.073636487Z [err]  -------------------
2025-11-17T14:14:50.073642132Z [err]  22 |     # build phase
2025-11-17T14:14:50.073645772Z [err]  23 |     COPY . /app/.
2025-11-17T14:14:50.073654212Z [err]  24 | >>> RUN --mount=type=cache,id=s/08b0c2c8-450e-440c-afe7-c4ed299be93e-next/cache,target=/app/.next/cache --mount=type=cache,id=s/08b0c2c8-450e-440c-afe7-c4ed299be93e-node_modules/cache,target=/app/node_modules/.cache npm run build
2025-11-17T14:14:50.073660477Z [err]  25 |
2025-11-17T14:14:50.073665147Z [err]  26 |
2025-11-17T14:14:50.073670062Z [err]  -------------------
2025-11-17T14:14:50.073675328Z [err]  ERROR: failed to build: failed to solve: process "/bin/bash -ol pipefail -c npm run build" did not complete successfully: exit code: 1
2025-11-17T14:14:50.122651133Z [err]  Docker build failed